# column   1     --> potential : The physical system potential energy.
# column   2     --> volume : The volume of the cell box.
    4.27078331e-03     6.74833423e+06   
    2.14096502e-01     6.74833423e+06   
    1.91160388e-01     6.74833423e+06   
    1.75453858e-01     6.74833423e+06   
    1.65872172e-01     6.74833423e+06   
    1.61834087e-01     6.74833423e+06   
    1.62803229e-01     6.74833423e+06   
    1.67912248e-01     6.74833423e+06   
    1.76242915e-01     6.74833423e+06   
    1.86710055e-01     6.74833423e+06   
    1.97845976e-01     6.74833423e+06   
    2.07894757e-01     6.74833423e+06   
    1.51435676e-01     6.74833423e+06   
    1.27268861e-01     6.74833423e+06   
    1.10624000e-01     6.74833423e+06   
    1.00421590e-01     6.74833423e+06   
    9.59957866e-02     6.74833423e+06   
    9.66611040e-02     6.74833423e+06   
    1.01551960e-01     6.74833423e+06   
    1.09720707e-01     6.74833423e+06   
    1.19983656e-01     6.74833423e+06   
    1.30848194e-01     6.74833423e+06   
    1.40601894e-01     6.74833423e+06   
    1.09184375e-01     6.74833423e+06   
    8.39552247e-02     6.74833423e+06   
    6.65671583e-02     6.74833423e+06   
    5.58582522e-02     6.74833423e+06   
    5.10833648e-02     6.74833423e+06   
    5.14876212e-02     6.74833423e+06   
    5.62011491e-02     6.74833423e+06   
    6.42316471e-02     6.74833423e+06   
    7.43340864e-02     6.74833423e+06   
    8.49995004e-02     6.74833423e+06   
    9.45324079e-02     6.74833423e+06   
    8.22324581e-02     6.74833423e+06   
    5.61769993e-02     6.74833423e+06   
    3.82484117e-02     6.74833423e+06   
    2.71662664e-02     6.74833423e+06   
    2.21196187e-02     6.74833423e+06   
    2.23259340e-02     6.74833423e+06   
    2.69064412e-02     6.74833423e+06   
    3.48276843e-02     6.74833423e+06   
    4.48130272e-02     6.74833423e+06   
    5.53419014e-02     6.74833423e+06   
    6.47196465e-02     6.74833423e+06   
    6.72868645e-02     6.74833423e+06   
    4.07049042e-02     6.74833423e+06   
    2.24474027e-02     6.74833423e+06   
    1.11372495e-02     6.74833423e+06   
    5.91972195e-03     6.74833423e+06   
    6.00327900e-03     6.74833423e+06   
    1.05005605e-02     6.74833423e+06   
    1.83505426e-02     6.74833423e+06   
    2.82637582e-02     6.74833423e+06   
    3.87121079e-02     6.74833423e+06   
    4.79963258e-02     6.74833423e+06   
    6.25030657e-02     6.74833423e+06   
    3.57400746e-02     6.74833423e+06   
    1.73720910e-02     6.74833423e+06   
    5.98532131e-03     6.74833423e+06   
    7.09664591e-04     6.74833423e+06   
    7.51703278e-04     6.74833423e+06   
    5.22056850e-03     6.74833423e+06   
    1.30456657e-02     6.74833423e+06   
    2.29344001e-02     6.74833423e+06   
    3.33559990e-02     6.74833423e+06   
    4.26087577e-02     6.74833423e+06   
    6.72868645e-02     6.74833423e+06   
    4.07049042e-02     6.74833423e+06   
    2.24474027e-02     6.74833423e+06   
    1.11372495e-02     6.74833423e+06   
    5.91972195e-03     6.74833423e+06   
    6.00327900e-03     6.74833423e+06   
    1.05005605e-02     6.74833423e+06   
    1.83505426e-02     6.74833423e+06   
    2.82637582e-02     6.74833423e+06   
    3.87121079e-02     6.74833423e+06   
    4.79963258e-02     6.74833423e+06   
    8.22324581e-02     6.74833423e+06   
    5.61769993e-02     6.74833423e+06   
    3.82484117e-02     6.74833423e+06   
    2.71662664e-02     6.74833423e+06   
    2.21196187e-02     6.74833423e+06   
    2.23259340e-02     6.74833423e+06   
    2.69064412e-02     6.74833423e+06   
    3.48276843e-02     6.74833423e+06   
    4.48130272e-02     6.74833423e+06   
    5.53419014e-02     6.74833423e+06   
    6.47196465e-02     6.74833423e+06   
    1.09184375e-01     6.74833423e+06   
    8.39552247e-02     6.74833423e+06   
    6.65671583e-02     6.74833423e+06   
    5.58582522e-02     6.74833423e+06   
    5.10833648e-02     6.74833423e+06   
    5.14876212e-02     6.74833423e+06   
    5.62011491e-02     6.74833423e+06   
    6.42316471e-02     6.74833423e+06   
    7.43340864e-02     6.74833423e+06   
    8.49995004e-02     6.74833423e+06   
    9.45324079e-02     6.74833423e+06   
    1.51435676e-01     6.74833423e+06   
    1.27268861e-01     6.74833423e+06   
    1.10624000e-01     6.74833423e+06   
    1.00421590e-01     6.74833423e+06   
    9.59957866e-02     6.74833423e+06   
    9.66611040e-02     6.74833423e+06   
    1.01551960e-01     6.74833423e+06   
    1.09720707e-01     6.74833423e+06   
    1.19983656e-01     6.74833423e+06   
    1.30848194e-01     6.74833423e+06   
    1.40601894e-01     6.74833423e+06   
    2.14096502e-01     6.74833423e+06   
    1.91160388e-01     6.74833423e+06   
    1.75453858e-01     6.74833423e+06   
    1.65872172e-01     6.74833423e+06   
    1.61834087e-01     6.74833423e+06   
    1.62803229e-01     6.74833423e+06   
    1.67912248e-01     6.74833423e+06   
    1.76242915e-01     6.74833423e+06   
    1.86710055e-01     6.74833423e+06   
    1.97845976e-01     6.74833423e+06   
    2.07894757e-01     6.74833423e+06   
